{"numTotalTestSuites":16,"numPassedTestSuites":16,"numFailedTestSuites":0,"numPendingTestSuites":0,"numTotalTests":22,"numPassedTests":21,"numFailedTests":0,"numPendingTests":1,"numTodoTests":0,"snapshot":{"added":0,"failure":false,"filesAdded":0,"filesRemoved":0,"filesRemovedList":[],"filesUnmatched":0,"filesUpdated":0,"matched":0,"total":0,"unchecked":0,"uncheckedKeysByFile":[],"unmatched":0,"updated":0,"didUpdate":false},"startTime":1786495672504,"success":true,"testResults":[{"assertionResults":[{"ancestorTitles":["PostGIS integration"],"fullName":"PostGIS integration reports PostGIS/h3-pg health, native H3 storage and monotonic world version","status":"skipped","title":"reports PostGIS/h3-pg health, native H3 storage and monotonic world version","failureMessages":[],"meta":{},"tags":[]}],"startTime":1786495672504,"endTime":1786495672504,"status":"passed","message":"","name":"/workspace/scratch/90ab48e26060/geospatial-world-model-poc/tests/integration/database.test.ts"},{"assertionResults":[{"ancestorTitles":["GOWM C1-C10 scenarios"],"fullName":"GOWM C1-C10 scenarios C1 finds the nearest five available UGVs","status":"passed","title":"C1 finds the nearest five available UGVs","duration":7.881984999999986,"failureMessages":[],"meta":{},"tags":[]},{"ancestorTitles":["GOWM C1-C10 scenarios"],"fullName":"GOWM C1-C10 scenarios C2 combines world, spatial and H3 area situation","status":"passed","title":"C2 combines world, spatial and H3 area situation","duration":3.037378999999987,"failureMessages":[],"meta":{},"tags":[]},{"ancestorTitles":["GOWM C1-C10 scenarios"],"fullName":"GOWM C1-C10 scenarios C3 and C9 aggregate hotspots and drill down R7 to R9","status":"passed","title":"C3 and C9 aggregate hotspots and drill down R7 to R9","duration":26.290504999999996,"failureMessages":[],"meta":{},"tags":[]},{"ancestorTitles":["GOWM C1-C10 scenarios"],"fullName":"GOWM C1-C10 scenarios C4 projects Observation into current state with provenance","status":"passed","title":"C4 projects Observation into current state with provenance","duration":0.5793820000000096,"failureMessages":[],"meta":{},"tags":[]},{"ancestorTitles":["GOWM C1-C10 scenarios"],"fullName":"GOWM C1-C10 scenarios C5 resolves multi-source conflict by priority, confidence and time","status":"passed","title":"C5 resolves multi-source conflict by priority, confidence and time","duration":5.990812000000005,"failureMessages":[],"meta":{},"tags":[]},{"ancestorTitles":["GOWM C1-C10 scenarios"],"fullName":"GOWM C1-C10 scenarios C6 emits ObjectEnteredArea without agent polling","status":"passed","title":"C6 emits ObjectEnteredArea without agent polling","duration":0.5443089999999984,"failureMessages":[],"meta":{},"tags":[]},{"ancestorTitles":["GOWM C1-C10 scenarios"],"fullName":"GOWM C1-C10 scenarios C7 ingests 100 moving vehicles and separates current from history","status":"passed","title":"C7 ingests 100 moving vehicles and separates current from history","duration":49.19103799999999,"failureMessages":[],"meta":{},"tags":[]},{"ancestorTitles":["GOWM C1-C10 scenarios"],"fullName":"GOWM C1-C10 scenarios C10 reconstructs the same state from immutable observations","status":"passed","title":"C10 reconstructs the same state from immutable observations","duration":14.851938999999959,"failureMessages":[],"meta":{},"tags":[]}],"startTime":1786495672798,"endTime":1786495672906.852,"status":"passed","message":"","name":"/workspace/scratch/90ab48e26060/geospatial-world-model-poc/tests/scenario/c1-c10.test.ts"},{"assertionResults":[{"ancestorTitles":["C8 Agent MCP"],"fullName":"C8 Agent MCP lists tools and invokes nearby without database knowledge","status":"passed","title":"lists tools and invokes nearby without database knowledge","duration":45.36843099999999,"failureMessages":[],"meta":{},"tags":[]}],"startTime":1786495672835,"endTime":1786495672880.3684,"status":"passed","message":"","name":"/workspace/scratch/90ab48e26060/geospatial-world-model-poc/tests/scenario/mcp.test.ts"},{"assertionResults":[{"ancestorTitles":["deterministic projection policy"],"fullName":"deterministic projection policy uses source priority inside the conflict window","status":"passed","title":"uses source priority inside the conflict window","duration":1.5484630000000266,"failureMessages":[],"meta":{},"tags":[]},{"ancestorTitles":["deterministic projection policy"],"fullName":"deterministic projection policy rejects materially out-of-order observations","status":"passed","title":"rejects materially out-of-order observations","duration":0.1971730000000207,"failureMessages":[],"meta":{},"tags":[]},{"ancestorTitles":["deterministic projection policy"],"fullName":"deterministic projection policy distinguishes future/late time and computes freshness","status":"passed","title":"distinguishes future/late time and computes freshness","duration":0.3999249999999961,"failureMessages":[],"meta":{},"tags":[]}],"startTime":1786495672801,"endTime":1786495672802.5486,"status":"passed","message":"","name":"/workspace/scratch/90ab48e26060/geospatial-world-model-poc/tests/unit/fusion.test.ts"},{"assertionResults":[{"ancestorTitles":["spatial geometry"],"fullName":"spatial geometry computes geodetic distance in meters","status":"passed","title":"computes geodetic distance in meters","duration":1.2447019999999895,"failureMessages":[],"meta":{},"tags":[]},{"ancestorTitles":["spatial geometry"],"fullName":"spatial geometry checks polygon containment and holes","status":"passed","title":"checks polygon containment and holes","duration":0.3502709999999922,"failureMessages":[],"meta":{},"tags":[]},{"ancestorTitles":["spatial geometry"],"fullName":"spatial geometry computes point-to-route distance","status":"passed","title":"computes point-to-route distance","duration":0.9944089999999903,"failureMessages":[],"meta":{},"tags":[]},{"ancestorTitles":["spatial geometry"],"fullName":"spatial geometry rejects non-closed and self-intersecting polygon rings","status":"passed","title":"rejects non-closed and self-intersecting polygon rings","duration":1.2316629999999975,"failureMessages":[],"meta":{},"tags":[]}],"startTime":1786495672715,"endTime":1786495672718.2317,"status":"passed","message":"","name":"/workspace/scratch/90ab48e26060/geospatial-world-model-poc/tests/unit/geometry.test.ts"},{"assertionResults":[{"ancestorTitles":["H3 situation index"],"fullName":"H3 situation index projects a point at R7-R10 and preserves hierarchy","status":"passed","title":"projects a point at R7-R10 and preserves hierarchy","duration":4.50406000000001,"failureMessages":[],"meta":{},"tags":[]},{"ancestorTitles":["H3 situation index"],"fullName":"H3 situation index polyfills an operational area","status":"passed","title":"polyfills an operational area","duration":8.038838999999996,"failureMessages":[],"meta":{},"tags":[]}],"startTime":1786495672741,"endTime":1786495672753.0388,"status":"passed","message":"","name":"/workspace/scratch/90ab48e26060/geospatial-world-model-poc/tests/unit/h3.test.ts"},{"assertionResults":[{"ancestorTitles":["MQTT topic and envelope contract"],"fullName":"MQTT topic and envelope contract maps observation and event envelopes to stable hierarchical topics","status":"passed","title":"maps observation and event envelopes to stable hierarchical topics","duration":1.2351370000000088,"failureMessages":[],"meta":{},"tags":[]},{"ancestorTitles":["MQTT topic and envelope contract"],"fullName":"MQTT topic and envelope contract decodes a valid world event and rejects incomplete payloads","status":"passed","title":"decodes a valid world event and rejects incomplete payloads","duration":1.1882870000000025,"failureMessages":[],"meta":{},"tags":[]}],"startTime":1786495672834,"endTime":1786495672837.1882,"status":"passed","message":"","name":"/workspace/scratch/90ab48e26060/geospatial-world-model-poc/tests/unit/mqtt-bus.test.ts"},{"assertionResults":[{"ancestorTitles":["IoT simulator coverage"],"fullName":"IoT simulator coverage generates Vehicle, UGV, UAV, Camera, Sensor and Incident evidence","status":"passed","title":"generates Vehicle, UGV, UAV, Camera, Sensor and Incident evidence","duration":2.66772899999998,"failureMessages":[],"meta":{},"tags":[]}],"startTime":1786495672744,"endTime":1786495672746.6677,"status":"passed","message":"","name":"/workspace/scratch/90ab48e26060/geospatial-world-model-poc/tests/unit/simulator.test.ts"}]}