{"numTotalTestSuites":116,"numPassedTestSuites":116,"numFailedTestSuites":0,"numPendingTestSuites":0,"numTotalTests":327,"numPassedTests":326,"numFailedTests":0,"numPendingTests":1,"numTodoTests":0,"snapshot":{"added":0,"failure":false,"filesAdded":0,"filesRemoved":0,"filesRemovedList":[],"filesUnmatched":0,"filesUpdated":0,"matched":0,"total":0,"unchecked":0,"uncheckedKeysByFile":[],"unmatched":0,"updated":0,"didUpdate":false},"startTime":1787744420428,"success":true,"testResults":[{"assertionResults":[{"ancestorTitles":["PostGIS integration"],"fullName":"PostGIS integration reports PostGIS/MobilityDB/h3-pg health, canonical contract and monotonic world version","status":"skipped","title":"reports PostGIS/MobilityDB/h3-pg health, canonical contract and monotonic world version","failureMessages":[],"meta":{},"tags":[]}],"startTime":1787744420428,"endTime":1787744420428,"status":"passed","message":"","name":"/tmp/gowm-world-platform-gateway-semantics-v0.6.2/tests/integration/database.test.ts"},{"assertionResults":[{"ancestorTitles":["bounded JSON transport reader"],"fullName":"bounded JSON transport reader cancels a chunked response as soon as its raw bytes exceed the limit","status":"passed","title":"cancels a chunked response as soon as its raw bytes exceed the limit","duration":187.0210679999998,"failureMessages":[],"meta":{},"tags":[]},{"ancestorTitles":["bounded JSON transport reader"],"fullName":"bounded JSON transport reader does not trust a smaller declared Content-Length","status":"passed","title":"does not trust a smaller declared Content-Length","duration":1.5249949999999899,"failureMessages":[],"meta":{},"tags":[]}],"startTime":1787744429695,"endTime":1787744429883.525,"status":"passed","message":"","name":"/tmp/gowm-world-platform-gateway-semantics-v0.6.2/tests/platform/bounded-json-response.test.ts"},{"assertionResults":[{"ancestorTitles":["platform canonical JSON authority"],"fullName":"platform canonical JSON authority uses identical deterministic key ordering for non-ASCII operation values","status":"passed","title":"uses identical deterministic key ordering for non-ASCII operation values","duration":4.145474999999919,"failureMessages":[],"meta":{},"tags":[]},{"ancestorTitles":["platform canonical JSON authority"],"fullName":"platform canonical JSON authority retains SDK rejection of values outside canonical JSON","status":"passed","title":"retains SDK rejection of values outside canonical JSON","duration":5.4412779999998975,"failureMessages":[],"meta":{},"tags":[]}],"startTime":1787744431905,"endTime":1787744431914.4412,"status":"passed","message":"","name":"/tmp/gowm-world-platform-gateway-semantics-v0.6.2/tests/platform/canonical-hash.test.ts"},{"assertionResults":[{"ancestorTitles":["capability semantic projection"],"fullName":"capability semantic projection validates every controlled descriptor schema lock and rejects forged hashes","status":"passed","title":"validates every controlled descriptor schema lock and rejects forged hashes","duration":34.04406800000106,"failureMessages":[],"meta":{},"tags":[]},{"ancestorTitles":["capability semantic projection"],"fullName":"capability semantic projection admits Stable consumer operations only after all gates and segregates Preview from Experimental","status":"passed","title":"admits Stable consumer operations only after all gates and segregates Preview from Experimental","duration":473.89026100000046,"failureMessages":[],"meta":{},"tags":[]},{"ancestorTitles":["capability semantic projection"],"fullName":"capability semantic projection projects only current registry entries with deterministic candidate/exact semantics","status":"passed","title":"projects only current registry entries with deterministic candidate/exact semantics","duration":21.70154999999977,"failureMessages":[],"meta":{},"tags":[]},{"ancestorTitles":["capability semantic projection"],"fullName":"capability semantic projection serves the ten locked semantic profiles from the live Gateway registry","status":"passed","title":"serves the ten locked semantic profiles from the live Gateway registry","duration":373.267425,"failureMessages":[],"meta":{},"tags":[]},{"ancestorTitles":["content addressed catalog and explicit registry compatibility"],"fullName":"content addressed catalog and explicit registry compatibility is invariant to provider/operation ordering, endpoint, health and Gateway restart","status":"passed","title":"is invariant to provider/operation ordering, endpoint, health and Gateway restart","duration":132.31953000000067,"failureMessages":[],"meta":{},"tags":[]},{"ancestorTitles":["content addressed catalog and explicit registry compatibility"],"fullName":"content addressed catalog and explicit registry compatibility changes contract revision for profile, schema, maturity and vocabulary; binding identity stays separate","status":"passed","title":"changes contract revision for profile, schema, maturity and vocabulary; binding identity stays separate","duration":87.911755000001,"failureMessages":[],"meta":{},"tags":[]},{"ancestorTitles":["content addressed catalog and explicit registry compatibility"],"fullName":"content addressed catalog and explicit registry compatibility keeps legacy direct routing without projecting any implicit semantics and rejects it in world-platform","status":"passed","title":"keeps legacy direct routing without projecting any implicit semantics and rejects it in world-platform","duration":104.3396079999984,"failureMessages":[],"meta":{},"tags":[]}],"startTime":1787744429258,"endTime":1787744430487.3396,"status":"passed","message":"","name":"/tmp/gowm-world-platform-gateway-semantics-v0.6.2/tests/platform/capability-semantics.test.ts"},{"assertionResults":[{"ancestorTitles":["P14 GOWM Situation Gateway capability"],"fullName":"P14 GOWM Situation Gateway capability publishes four strict per-operation contracts and a matching canonical manifest","status":"passed","title":"publishes four strict per-operation contracts and a matching canonical manifest","duration":106.6311540000006,"failureMessages":[],"meta":{},"tags":[]},{"ancestorTitles":["P14 GOWM Situation Gateway capability"],"fullName":"P14 GOWM Situation Gateway capability returns only DB-grounded candidates and hashes the trusted deployment scope","status":"passed","title":"returns only DB-grounded candidates and hashes the trusted deployment scope","duration":102.68203599999924,"failureMessages":[],"meta":{},"tags":[]},{"ancestorTitles":["P14 GOWM Situation Gateway capability"],"fullName":"P14 GOWM Situation Gateway capability rejects a validly attested but non-deployment scope before repository access","status":"passed","title":"rejects a validly attested but non-deployment scope before repository access","duration":56.00157299999955,"failureMessages":[],"meta":{},"tags":[]},{"ancestorTitles":["P14 GOWM Situation Gateway capability"],"fullName":"P14 GOWM Situation Gateway capability passes the shared Provider conformance kit with strict scope, hash, budget and deadline gates","status":"passed","title":"passes the shared Provider conformance kit with strict scope, hash, budget and deadline gates","duration":132.83769099999972,"failureMessages":[],"meta":{},"tags":[]},{"ancestorTitles":["P14 GOWM Situation Gateway capability"],"fullName":"P14 GOWM Situation Gateway capability pins candidate SQL to the accepted scope and returns opaque reference keys","status":"passed","title":"pins candidate SQL to the accepted scope and returns opaque reference keys","duration":12.903206000000864,"failureMessages":[],"meta":{},"tags":[]},{"ancestorTitles":["P14 World API compatibility adapter"],"fullName":"P14 World API compatibility adapter dual-runs and returns the legacy result when exact and semantic parity match","status":"passed","title":"dual-runs and returns the legacy result when exact and semantic parity match","duration":18.309063999999125,"failureMessages":[],"meta":{},"tags":[]},{"ancestorTitles":["P14 World API compatibility adapter"],"fullName":"P14 World API compatibility adapter never switches on mismatch and requires an explicit zero-mismatch attestation for cutover","status":"passed","title":"never switches on mismatch and requires an explicit zero-mismatch attestation for cutover","duration":13.096967000000404,"failureMessages":[],"meta":{},"tags":[]},{"ancestorTitles":["P14 World API compatibility adapter"],"fullName":"P14 World API compatibility adapter keeps unsupported legacy filter semantics on the old implementation","status":"passed","title":"keeps unsupported legacy filter semantics on the old implementation","duration":0.9536069999994652,"failureMessages":[],"meta":{},"tags":[]},{"ancestorTitles":["P14 World API compatibility adapter"],"fullName":"P14 World API compatibility adapter adds Deprecation, Sunset and controlled successor links without removing routes","status":"passed","title":"adds Deprecation, Sunset and controlled successor links without removing routes","duration":12.100035999999818,"failureMessages":[],"meta":{},"tags":[]},{"ancestorTitles":["P14 MCP security split"],"fullName":"P14 MCP security split exposes only fixed read tools and sends every invocation to the Gateway","status":"passed","title":"exposes only fixed read tools and sends every invocation to the Gateway","duration":269.59659999999985,"failureMessages":[],"meta":{},"tags":[]},{"ancestorTitles":["P14 MCP security split"],"fullName":"P14 MCP security split keeps Observation writes only on the command server and command path","status":"passed","title":"keeps Observation writes only on the command server and command path","duration":85.25808299999971,"failureMessages":[],"meta":{},"tags":[]}],"startTime":1787744424735,"endTime":1787744425557.258,"status":"passed","message":"","name":"/tmp/gowm-world-platform-gateway-semantics-v0.6.2/tests/platform/compatibility-migration.test.ts"},{"assertionResults":[{"ancestorTitles":["explicit Manifest 1.1 contract"],"fullName":"explicit Manifest 1.1 contract allows vocabulary additions but rejects removed or redefined meanings","status":"passed","title":"allows vocabulary additions but rejects removed or redefined meanings","duration":19.886645999999928,"failureMessages":[],"meta":{},"tags":[]},{"ancestorTitles":["explicit Manifest 1.1 contract"],"fullName":"explicit Manifest 1.1 contract keeps legacy execution manifests parseable, but requires every 1.1 profile","status":"passed","title":"keeps legacy execution manifests parseable, but requires every 1.1 profile","duration":102.55652999999984,"failureMessages":[],"meta":{},"tags":[]},{"ancestorTitles":["explicit Manifest 1.1 contract"],"fullName":"explicit Manifest 1.1 contract rejects unknown reference, relation and normalized-status terms and missing fields","status":"passed","title":"rejects unknown reference, relation and normalized-status terms and missing fields","duration":21.501086999999643,"failureMessages":[],"meta":{},"tags":[]},{"ancestorTitles":["offline semantic rules and implementation evidence"],"fullName":"offline semantic rules and implementation evidence S001 accepts the complete contract and rejects contrary evidence","status":"passed","title":"S001 accepts the complete contract and rejects contrary evidence","duration":18.540881999999783,"failureMessages":[],"meta":{},"tags":[]},{"ancestorTitles":["offline semantic rules and implementation evidence"],"fullName":"offline semantic rules and implementation evidence S002 accepts the complete contract and rejects contrary evidence","status":"passed","title":"S002 accepts the complete contract and rejects contrary evidence","duration":13.545963000000029,"failureMessages":[],"meta":{},"tags":[]},{"ancestorTitles":["offline semantic rules and implementation evidence"],"fullName":"offline semantic rules and implementation evidence S003 accepts the complete contract and rejects contrary evidence","status":"passed","title":"S003 accepts the complete contract and rejects contrary evidence","duration":8.911173999999846,"failureMessages":[],"meta":{},"tags":[]},{"ancestorTitles":["offline semantic rules and implementation evidence"],"fullName":"offline semantic rules and implementation evidence S004 accepts the complete contract and rejects contrary evidence","status":"passed","title":"S004 accepts the complete contract and rejects contrary evidence","duration":38.901714000000084,"failureMessages":[],"meta":{},"tags":[]},{"ancestorTitles":["offline semantic rules and implementation evidence"],"fullName":"offline semantic rules and implementation evidence S005 accepts the complete contract and rejects contrary evidence","status":"passed","title":"S005 accepts the complete contract and rejects contrary evidence","duration":5.774539999999888,"failureMessages":[],"meta":{},"tags":[]},{"ancestorTitles":["offline semantic rules and implementation evidence"],"fullName":"offline semantic rules and implementation evidence S006 accepts the complete contract and rejects contrary evidence","status":"passed","title":"S006 accepts the complete contract and rejects contrary evidence","duration":6.711715999999797,"failureMessages":[],"meta":{},"tags":[]},{"ancestorTitles":["offline semantic rules and implementation evidence"],"fullName":"offline semantic rules and implementation evidence S007 accepts the complete contract and rejects contrary evidence","status":"passed","title":"S007 accepts the complete contract and rejects contrary evidence","duration":5.722091999999975,"failureMessages":[],"meta":{},"tags":[]},{"ancestorTitles":["offline semantic rules and implementation evidence"],"fullName":"offline semantic rules and implementation evidence S008 accepts the complete contract and rejects contrary evidence","status":"passed","title":"S008 accepts the complete contract and rejects contrary evidence","duration":7.382348000000093,"failureMessages":[],"meta":{},"tags":[]},{"ancestorTitles":["offline semantic rules and implementation evidence"],"fullName":"offline semantic rules and implementation evidence S009 accepts the complete contract and rejects contrary evidence","status":"passed","title":"S009 accepts the complete contract and rejects contrary evidence","duration":7.788846000000376,"failureMessages":[],"meta":{},"tags":[]},{"ancestorTitles":["offline semantic rules and implementation evidence"],"fullName":"offline semantic rules and implementation evidence S010 accepts the complete contract and rejects contrary evidence","status":"passed","title":"S010 accepts the complete contract and rejects contrary evidence","duration":7.61079699999982,"failureMessages":[],"meta":{},"tags":[]},{"ancestorTitles":["offline semantic rules and implementation evidence"],"fullName":"offline semantic rules and implementation evidence S011 accepts the complete contract and rejects contrary evidence","status":"passed","title":"S011 accepts the complete contract and rejects contrary evidence","duration":7.254037000000153,"failureMessages":[],"meta":{},"tags":[]},{"ancestorTitles":["offline semantic rules and implementation evidence"],"fullName":"offline semantic rules and implementation evidence S012 accepts the complete contract and rejects contrary evidence","status":"passed","title":"S012 accepts the complete contract and rejects contrary evidence","duration":9.112904999999955,"failureMessages":[],"meta":{},"tags":[]},{"ancestorTitles":["offline semantic rules and implementation evidence"],"fullName":"offline semantic rules and implementation evidence S013 accepts the complete contract and rejects contrary evidence","status":"passed","title":"S013 accepts the complete contract and rejects contrary evidence","duration":2.6818130000001474,"failureMessages":[],"meta":{},"tags":[]},{"ancestorTitles":["offline semantic rules and implementation evidence"],"fullName":"offline semantic rules and implementation evidence S014 accepts the complete contract and rejects contrary evidence","status":"passed","title":"S014 accepts the complete contract and rejects contrary evidence","duration":2.5737309999999525,"failureMessages":[],"meta":{},"tags":[]},{"ancestorTitles":["offline semantic rules and implementation evidence"],"fullName":"offline semantic rules and implementation evidence distinguishes unresolved evidence, conflict and deterministic resolved output without mutating inputs","status":"passed","title":"distinguishes unresolved evidence, conflict and deterministic resolved output without mutating inputs","duration":17.64674399999967,"failureMessages":[],"meta":{},"tags":[]},{"ancestorTitles":["offline semantic rules and implementation evidence"],"fullName":"offline semantic rules and implementation evidence uses SQL AST so comments and literals cannot forge an exact predicate","status":"passed","title":"uses SQL AST so comments and literals cannot forge an exact predicate","duration":74.23269399999981,"failureMessages":[],"meta":{},"tags":[]},{"ancestorTitles":["offline semantic rules and implementation evidence"],"fullName":"offline semantic rules and implementation evidence inspects TypeScript handlers and rejects static/dynamic sibling imports","status":"passed","title":"inspects TypeScript handlers and rejects static/dynamic sibling imports","duration":54.83822800000007,"failureMessages":[],"meta":{},"tags":[]},{"ancestorTitles":["offline semantic rules and implementation evidence"],"fullName":"offline semantic rules and implementation evidence recognizes legacy generic ReferenceKey structures without inventing an enum","status":"passed","title":"recognizes legacy generic ReferenceKey structures without inventing an enum","duration":20.825213000000076,"failureMessages":[],"meta":{},"tags":[]},{"ancestorTitles":["offline semantic rules and implementation evidence"],"fullName":"offline semantic rules and implementation evidence rejects duplicate operations, missing validators and cyclic or retired exact verification targets","status":"passed","title":"rejects duplicate operations, missing validators and cyclic or retired exact verification targets","duration":23.227532999999767,"failureMessages":[],"meta":{},"tags":[]}],"startTime":1787744426480,"endTime":1787744426963.2275,"status":"passed","message":"","name":"/tmp/gowm-world-platform-gateway-semantics-v0.6.2/tests/platform/explicit-semantics.test.ts"},{"assertionResults":[{"ancestorTitles":["P07 Geometry provider bridge"],"fullName":"P07 Geometry provider bridge registers exactly 19 schema-locked operations and excludes boundary operations","status":"passed","title":"registers exactly 19 schema-locked operations and excludes boundary operations","duration":307.4721840000002,"failureMessages":[],"meta":{},"tags":[]},{"ancestorTitles":["P07 Geometry provider bridge"],"fullName":"P07 Geometry provider bridge keeps checked-in operation registration and immutable source/license locks in parity","status":"passed","title":"keeps checked-in operation registration and immutable source/license locks in parity","duration":129.13942299999962,"failureMessages":[],"meta":{},"tags":[]},{"ancestorTitles":["P07 Geometry provider bridge"],"fullName":"P07 Geometry provider bridge keeps validate immutable and disables implicit repair","status":"passed","title":"keeps validate immutable and disables implicit repair","duration":234.4838890000001,"failureMessages":[],"meta":{},"tags":[]},{"ancestorTitles":["P07 Geometry provider bridge"],"fullName":"P07 Geometry provider bridge executes every registered operation against its authoritative input and output schema","status":"passed","title":"executes every registered operation against its authoritative input and output schema","duration":399.306372,"failureMessages":[],"meta":{},"tags":[]},{"ancestorTitles":["P07 Geometry provider bridge"],"fullName":"P07 Geometry provider bridge repairs only through make-valid and records geometry type change provenance","status":"passed","title":"repairs only through make-valid and records geometry type change provenance","duration":21.13989500000025,"failureMessages":[],"meta":{},"tags":[]},{"ancestorTitles":["P07 Geometry provider bridge"],"fullName":"P07 Geometry provider bridge treats EPSG:4326 buffer distance as angular coordinate-space units","status":"passed","title":"treats EPSG:4326 buffer distance as angular coordinate-space units","duration":22.96783999999934,"failureMessages":[],"meta":{},"tags":[]},{"ancestorTitles":["P07 Geometry provider bridge"],"fullName":"P07 Geometry provider bridge rejects mixed coordinate spaces before calling the upstream","status":"passed","title":"rejects mixed coordinate spaces before calling the upstream","duration":18.550467000000026,"failureMessages":[],"meta":{},"tags":[]},{"ancestorTitles":["P07 Geometry provider bridge"],"fullName":"P07 Geometry provider bridge maps worker timeout to retryable typed failure and recovers on the next request","status":"passed","title":"maps worker timeout to retryable typed failure and recovers on the next request","duration":48.32177900000079,"failureMessages":[],"meta":{},"tags":[]},{"ancestorTitles":["P07 Geometry provider bridge"],"fullName":"P07 Geometry provider bridge rejects a successful upstream payload with unknown fields before receipt assembly","status":"passed","title":"rejects a successful upstream payload with unknown fields before receipt assembly","duration":47.66951499999959,"failureMessages":[],"meta":{},"tags":[]},{"ancestorTitles":["P07 Geometry provider bridge"],"fullName":"P07 Geometry provider bridge bounds its bridge queue, returns retryable overload and drains cleanly","status":"passed","title":"bounds its bridge queue, returns retryable overload and drains cleanly","duration":51.261061000000154,"failureMessages":[],"meta":{},"tags":[]},{"ancestorTitles":["P07 Geometry provider bridge"],"fullName":"P07 Geometry provider bridge passes the Provider SDK conformance kit with fail-closed schema locks","status":"passed","title":"passes the Provider SDK conformance kit with fail-closed schema locks","duration":91.39709000000039,"failureMessages":[],"meta":{},"tags":[]},{"ancestorTitles":["P07 Geometry provider bridge"],"fullName":"P07 Geometry provider bridge serves protocol routes and reports the bounded worker pool readiness","status":"passed","title":"serves protocol routes and reports the bounded worker pool readiness","duration":477.65051999999923,"failureMessages":[],"meta":{},"tags":[]}],"startTime":1787744423880,"endTime":1787744425731.6506,"status":"passed","message":"","name":"/tmp/gowm-world-platform-gateway-semantics-v0.6.2/tests/platform/geometry-provider-bridge.test.ts"},{"assertionResults":[{"ancestorTitles":["GOWM v0.3/v0.4 authority contracts"],"fullName":"GOWM v0.3/v0.4 authority contracts bundles all 27 authoritative schemas with their stable ids","status":"passed","title":"bundles all 27 authoritative schemas with their stable ids","duration":98.86148300000013,"failureMessages":[],"meta":{},"tags":[]},{"ancestorTitles":["GOWM v0.3/v0.4 authority contracts"],"fullName":"GOWM v0.3/v0.4 authority contracts validates every extension Provider manifest and its exact schema hashes","status":"passed","title":"validates every extension Provider manifest and its exact schema hashes","duration":178.75795900000003,"failureMessages":[],"meta":{},"tags":[]},{"ancestorTitles":["GOWM v0.3/v0.4 authority contracts"],"fullName":"GOWM v0.3/v0.4 authority contracts validates canonical example correlation-exact.json","status":"passed","title":"validates canonical example correlation-exact.json","duration":8.322912000000088,"failureMessages":[],"meta":{},"tags":[]},{"ancestorTitles":["GOWM v0.3/v0.4 authority contracts"],"fullName":"GOWM v0.3/v0.4 authority contracts validates canonical example derived-buffer-reference.json","status":"passed","title":"validates canonical example derived-buffer-reference.json","duration":2.086365999999998,"failureMessages":[],"meta":{},"tags":[]},{"ancestorTitles":["GOWM v0.3/v0.4 authority contracts"],"fullName":"GOWM v0.3/v0.4 authority contracts validates canonical example operational-completed-unverified.json","status":"passed","title":"validates canonical example operational-completed-unverified.json","duration":2.9836390000000392,"failureMessages":[],"meta":{},"tags":[]},{"ancestorTitles":["GOWM v0.3/v0.4 authority contracts"],"fullName":"GOWM v0.3/v0.4 authority contracts validates canonical example operational-event-timeline.json","status":"passed","title":"validates canonical example operational-event-timeline.json","duration":3.163107000000082,"failureMessages":[],"meta":{},"tags":[]},{"ancestorTitles":["GOWM v0.3/v0.4 authority contracts"],"fullName":"GOWM v0.3/v0.4 authority contracts validates canonical example predicate-no-data.json","status":"passed","title":"validates canonical example predicate-no-data.json","duration":3.033586000000014,"failureMessages":[],"meta":{},"tags":[]},{"ancestorTitles":["GOWM v0.3/v0.4 authority contracts"],"fullName":"GOWM v0.3/v0.4 authority contracts keeps ReferenceKey opaque and the four operational state dimensions independent","status":"passed","title":"keeps ReferenceKey opaque and the four operational state dimensions independent","duration":9.68075900000008,"failureMessages":[],"meta":{},"tags":[]}],"startTime":1787744426431,"endTime":1787744426738.6807,"status":"passed","message":"","name":"/tmp/gowm-world-platform-gateway-semantics-v0.6.2/tests/platform/gowm-v04-contracts.test.ts"},{"assertionResults":[{"ancestorTitles":["GOWM v0.5 network/routing authority freeze"],"fullName":"GOWM v0.5 network/routing authority freeze records the single authority, immutable snapshot, scope, and non-reality boundaries","status":"passed","title":"records the single authority, immutable snapshot, scope, and non-reality boundaries","duration":7.0672570000000405,"failureMessages":[],"meta":{},"tags":[]},{"ancestorTitles":["GOWM v0.5 network/routing authority freeze"],"fullName":"GOWM v0.5 network/routing authority freeze keeps routing SQL and algorithms out of the Gateway","status":"passed","title":"keeps routing SQL and algorithms out of the Gateway","duration":14.627294000000006,"failureMessages":[],"meta":{},"tags":[]},{"ancestorTitles":["GOWM v0.5 network/routing authority freeze"],"fullName":"GOWM v0.5 network/routing authority freeze has no upper-layer runtime imports","status":"passed","title":"has no upper-layer runtime imports","duration":143.2586550000001,"failureMessages":[],"meta":{},"tags":[]}],"startTime":1787744421430,"endTime":1787744421594.2585,"status":"passed","message":"","name":"/tmp/gowm-world-platform-gateway-semantics-v0.6.2/tests/platform/gowm-v05-architecture.test.ts"},{"assertionResults":[{"ancestorTitles":["GOWM v0.5 network and routing contracts"],"fullName":"GOWM v0.5 network and routing contracts bundles all 19 schemas with unique stable v0.5 ids and generated types","status":"passed","title":"bundles all 19 schemas with unique stable v0.5 ids and generated types","duration":31.739141000000018,"failureMessages":[],"meta":{},"tags":[]},{"ancestorTitles":["GOWM v0.5 network and routing contracts"],"fullName":"GOWM v0.5 network and routing contracts validates both provider manifests and every exact schema-file hash","status":"passed","title":"validates both provider manifests and every exact schema-file hash","duration":30.98837500000002,"failureMessages":[],"meta":{},"tags":[]},{"ancestorTitles":["GOWM v0.5 network and routing contracts"],"fullName":"GOWM v0.5 network and routing contracts validates each contract-shaped example and preserves explicit expectation fixtures","status":"passed","title":"validates each contract-shaped example and preserves explicit expectation fixtures","duration":52.0112959999999,"failureMessages":[],"meta":{},"tags":[]},{"ancestorTitles":["GOWM v0.5 network and routing contracts"],"fullName":"GOWM v0.5 network and routing contracts keeps every OpenAPI reference inside the frozen v0.5 contract tree","status":"passed","title":"keeps every OpenAPI reference inside the frozen v0.5 contract tree","duration":23.46130500000004,"failureMessages":[],"meta":{},"tags":[]}],"startTime":1787744428186,"endTime":1787744428324.4614,"status":"passed","message":"","name":"/tmp/gowm-world-platform-gateway-semantics-v0.6.2/tests/platform/gowm-v05-contracts.test.ts"},{"assertionResults":[{"ancestorTitles":["GOWM v0.5 database image lock"],"fullName":"GOWM v0.5 database image lock extends the pinned MobilityDB image with exact H3 and pgRouting sources","status":"passed","title":"extends the pinned MobilityDB image with exact H3 and pgRouting sources","duration":42.04818,"failureMessages":[],"meta":{},"tags":[]},{"ancestorTitles":["GOWM v0.5 database image lock"],"fullName":"GOWM v0.5 database image lock health-gates all five required extensions and pins the composite image name","status":"passed","title":"health-gates all five required extensions and pins the composite image name","duration":20.373577999999952,"failureMessages":[],"meta":{},"tags":[]},{"ancestorTitles":["GOWM v0.5 database image lock"],"fullName":"GOWM v0.5 database image lock ships an SPDX SBOM, exact source checksums, and the full pgRouting license","status":"passed","title":"ships an SPDX SBOM, exact source checksums, and the full pgRouting license","duration":20.46226999999999,"failureMessages":[],"meta":{},"tags":[]},{"ancestorTitles":["GOWM v0.5 database image lock"],"fullName":"GOWM v0.5 database image lock contains the fraction=1 withPoints regression and exact extension assertions","status":"passed","title":"contains the fraction=1 withPoints regression and exact extension assertions","duration":2.864373999999998,"failureMessages":[],"meta":{},"tags":[]}],"startTime":1787744430466,"endTime":1787744430551.8643,"status":"passed","message":"","name":"/tmp/gowm-world-platform-gateway-semantics-v0.6.2/tests/platform/gowm-v05-database-image.test.ts"},{"assertionResults":[{"ancestorTitles":["GOWM v0.5 network read contract"],"fullName":"GOWM v0.5 network read contract exposes only the frozen scoped views and controlled functions","status":"passed","title":"exposes only the frozen scoped views and controlled functions","duration":24.737869000000046,"failureMessages":[],"meta":{},"tags":[]},{"ancestorTitles":["GOWM v0.5 network read contract"],"fullName":"GOWM v0.5 network read contract keeps Providers read-only and route projection exclusive to the route planner","status":"passed","title":"keeps Providers read-only and route projection exclusive to the route planner","duration":4.432029999999941,"failureMessages":[],"meta":{},"tags":[]}],"startTime":1787744430969,"endTime":1787744430998.4321,"status":"passed","message":"","name":"/tmp/gowm-world-platform-gateway-semantics-v0.6.2/tests/platform/gowm-v05-network-read-contract.test.ts"},{"assertionResults":[{"ancestorTitles":["GOWM v0.5 network foundation schema"],"fullName":"GOWM v0.5 network foundation schema adds the complete network foundation model after immutable migration 032","status":"passed","title":"adds the complete network foundation model after immutable migration 032","duration":33.81607000000008,"failureMessages":[],"meta":{},"tags":[]},{"ancestorTitles":["GOWM v0.5 network foundation schema"],"fullName":"GOWM v0.5 network foundation schema enforces append-only versions and directed topology invariants","status":"passed","title":"enforces append-only versions and directed topology invariants","duration":2.456668000000036,"failureMessages":[],"meta":{},"tags":[]},{"ancestorTitles":["GOWM v0.5 network foundation schema"],"fullName":"GOWM v0.5 network foundation schema keeps dynamic conditions separate and validates activation against immutable content","status":"passed","title":"keeps dynamic conditions separate and validates activation against immutable content","duration":1.6447170000000142,"failureMessages":[],"meta":{},"tags":[]}],"startTime":1787744430734,"endTime":1787744430771.6448,"status":"passed","message":"","name":"/tmp/gowm-world-platform-gateway-semantics-v0.6.2/tests/platform/gowm-v05-network-schema.test.ts"},{"assertionResults":[{"ancestorTitles":["grounding catalog providers"],"fullName":"grounding catalog providers packs only authoritative projected coordinates for the typed Point port","status":"passed","title":"packs only authoritative projected coordinates for the typed Point port","duration":185.46140700000024,"failureMessages":[],"meta":{},"tags":[]},{"ancestorTitles":["grounding catalog providers"],"fullName":"grounding catalog providers serializes and receipts world.get-current-state with absent optional dates","status":"passed","title":"serializes and receipts world.get-current-state with absent optional dates","duration":94.63871999999992,"failureMessages":[],"meta":{},"tags":[]},{"ancestorTitles":["grounding catalog providers"],"fullName":"grounding catalog providers serializes and receipts world.get-geometry with absent optional dates","status":"passed","title":"serializes and receipts world.get-geometry with absent optional dates","duration":84.12170399999923,"failureMessages":[],"meta":{},"tags":[]},{"ancestorTitles":["grounding catalog providers"],"fullName":"grounding catalog providers serializes and receipts world.get-provenance with absent optional dates","status":"passed","title":"serializes and receipts world.get-provenance with absent optional dates","duration":112.90405699999974,"failureMessages":[],"meta":{},"tags":[]},{"ancestorTitles":["grounding catalog providers"],"fullName":"grounding catalog providers registers Reference read operations with canonical hashes and delegates validation to the platform","status":"passed","title":"registers Reference read operations with canonical hashes and delegates validation to the platform","duration":34.79208600000038,"failureMessages":[],"meta":{},"tags":[]},{"ancestorTitles":["grounding catalog providers"],"fullName":"grounding catalog providers registers Dataset/Layer/Feature operations as dataset-scoped","status":"passed","title":"registers Dataset/Layer/Feature operations as dataset-scoped","duration":84.73360299999968,"failureMessages":[],"meta":{},"tags":[]},{"ancestorTitles":["grounding catalog providers"],"fullName":"grounding catalog providers dispatches catalog operations to the Data Product projection","status":"passed","title":"dispatches catalog operations to the Data Product projection","duration":17.829928999999538,"failureMessages":[],"meta":{},"tags":[]},{"ancestorTitles":["grounding catalog providers"],"fullName":"grounding catalog providers registers World Evidence and Result Registry read operations as data-scoped","status":"passed","title":"registers World Evidence and Result Registry read operations as data-scoped","duration":28.059078000000227,"failureMessages":[],"meta":{},"tags":[]},{"ancestorTitles":["grounding catalog providers"],"fullName":"grounding catalog providers binds signed cursors to operation, scope, and snapshot","status":"passed","title":"binds signed cursors to operation, scope, and snapshot","duration":2.7185300000001007,"failureMessages":[],"meta":{},"tags":[]},{"ancestorTitles":["grounding catalog providers"],"fullName":"grounding catalog providers binds evidence cursors to timeline kind, scope, and immutable snapshot","status":"passed","title":"binds evidence cursors to timeline kind, scope, and immutable snapshot","duration":2.126157000000603,"failureMessages":[],"meta":{},"tags":[]},{"ancestorTitles":["grounding catalog providers"],"fullName":"grounding catalog providers loads the controlled Grounding Gateway registry with current full manifests","status":"passed","title":"loads the controlled Grounding Gateway registry with current full manifests","duration":223.44692899999973,"failureMessages":[],"meta":{},"tags":[]}],"startTime":1787744424517,"endTime":1787744425399.447,"status":"passed","message":"","name":"/tmp/gowm-world-platform-gateway-semantics-v0.6.2/tests/platform/grounding-catalog-provider.test.ts"},{"assertionResults":[{"ancestorTitles":["gowm.network provider"],"fullName":"gowm.network provider registers the frozen operation set and raw schema-byte hashes","status":"passed","title":"registers the frozen operation set and raw schema-byte hashes","duration":87.45143600000006,"failureMessages":[],"meta":{},"tags":[]},{"ancestorTitles":["gowm.network provider"],"fullName":"gowm.network provider computes exact partial directed paths and bounded matrices","status":"passed","title":"computes exact partial directed paths and bounded matrices","duration":8.87672600000019,"failureMessages":[],"meta":{},"tags":[]},{"ancestorTitles":["gowm.network provider"],"fullName":"gowm.network provider enforces pairwise and multi-edge restrictions and charges a penalty once","status":"passed","title":"enforces pairwise and multi-edge restrictions and charges a penalty once","duration":46.836975000000166,"failureMessages":[],"meta":{},"tags":[]},{"ancestorTitles":["gowm.network provider"],"fullName":"gowm.network provider independently rejects continuity, turn, metric, and result-hash mutations","status":"passed","title":"independently rejects continuity, turn, metric, and result-hash mutations","duration":3.0142869999999675,"failureMessages":[],"meta":{},"tags":[]}],"startTime":1787744428307,"endTime":1787744428457.0144,"status":"passed","message":"","name":"/tmp/gowm-world-platform-gateway-semantics-v0.6.2/tests/platform/network-provider.test.ts"},{"assertionResults":[{"ancestorTitles":["operational reality provider"],"fullName":"operational reality provider registers all frozen v0.4 operations with canonical hashes and policies","status":"passed","title":"registers all frozen v0.4 operations with canonical hashes and policies","duration":165.97713300000032,"failureMessages":[],"meta":{},"tags":[]},{"ancestorTitles":["operational reality provider"],"fullName":"operational reality provider remains controlled when the platform validation provider is registered","status":"passed","title":"remains controlled when the platform validation provider is registered","duration":231.64831799999956,"failureMessages":[],"meta":{},"tags":[]}],"startTime":1787744424519,"endTime":1787744424916.6484,"status":"passed","message":"","name":"/tmp/gowm-world-platform-gateway-semantics-v0.6.2/tests/platform/operational-reality-provider.test.ts"},{"assertionResults":[{"ancestorTitles":["PostgreSQL platform validation authority"],"fullName":"PostgreSQL platform validation authority does not override an authoritative stale descriptor with a CURRENT result default","status":"passed","title":"does not override an authoritative stale descriptor with a CURRENT result default","duration":31.097680999999966,"failureMessages":[],"meta":{},"tags":[]},{"ancestorTitles":["PostgreSQL platform validation authority"],"fullName":"PostgreSQL platform validation authority proves CURRENT from all routing input authorities in one scoped repeatable-read transaction","status":"passed","title":"proves CURRENT from all routing input authorities in one scoped repeatable-read transaction","duration":10.865800000000036,"failureMessages":[],"meta":{},"tags":[]},{"ancestorTitles":["PostgreSQL platform validation authority"],"fullName":"PostgreSQL platform validation authority detects changed graphVersion without modifying the frozen plan","status":"passed","title":"detects changed graphVersion without modifying the frozen plan","duration":1.838231000000178,"failureMessages":[],"meta":{},"tags":[]},{"ancestorTitles":["PostgreSQL platform validation authority"],"fullName":"PostgreSQL platform validation authority detects changed networkDatasetVersion without modifying the frozen plan","status":"passed","title":"detects changed networkDatasetVersion without modifying the frozen plan","duration":1.0148059999999077,"failureMessages":[],"meta":{},"tags":[]},{"ancestorTitles":["PostgreSQL platform validation authority"],"fullName":"PostgreSQL platform validation authority detects changed travelProfileVersion without modifying the frozen plan","status":"passed","title":"detects changed travelProfileVersion without modifying the frozen plan","duration":8.579222999999956,"failureMessages":[],"meta":{},"tags":[]},{"ancestorTitles":["PostgreSQL platform validation authority"],"fullName":"PostgreSQL platform validation authority detects changed costProfileVersion without modifying the frozen plan","status":"passed","title":"detects changed costProfileVersion without modifying the frozen plan","duration":0.8720539999999346,"failureMessages":[],"meta":{},"tags":[]},{"ancestorTitles":["PostgreSQL platform validation authority"],"fullName":"PostgreSQL platform validation authority detects changed conditionSnapshotId without modifying the frozen plan","status":"passed","title":"detects changed conditionSnapshotId without modifying the frozen plan","duration":1.0165680000000066,"failureMessages":[],"meta":{},"tags":[]},{"ancestorTitles":["PostgreSQL platform validation authority"],"fullName":"PostgreSQL platform validation authority detects changed sourceWorldVersion without modifying the frozen plan","status":"passed","title":"detects changed sourceWorldVersion without modifying the frozen plan","duration":0.7847510000001421,"failureMessages":[],"meta":{},"tags":[]},{"ancestorTitles":["PostgreSQL platform validation authority"],"fullName":"PostgreSQL platform validation authority fails closed when it cannot prove snapshot currentness: {\"stored\":{}}","status":"passed","title":"fails closed when it cannot prove snapshot currentness: {\"stored\":{}}","duration":7.967221000000109,"failureMessages":[],"meta":{},"tags":[]},{"ancestorTitles":["PostgreSQL platform validation authority"],"fullName":"PostgreSQL platform validation authority fails closed when it cannot prove snapshot currentness: {\"stored\":{\"routingSnapshot\":{}}}","status":"passed","title":"fails closed when it cannot prove snapshot currentness: {\"stored\":{\"routingSnapshot\":{}}}","duration":3.7412309999999707,"failureMessages":[],"meta":{},"tags":[]},{"ancestorTitles":["PostgreSQL platform validation authority"],"fullName":"PostgreSQL platform validation authority fails closed when it cannot prove snapshot currentness: {\"missingGraph\":true}","status":"passed","title":"fails closed when it cannot prove snapshot currentness: {\"missingGraph\":true}","duration":0.738997000000154,"failureMessages":[],"meta":{},"tags":[]},{"ancestorTitles":["PostgreSQL platform validation authority"],"fullName":"PostgreSQL platform validation authority keeps retirement and original result status independent","status":"passed","title":"keeps retirement and original result status independent","duration":0.9031810000001315,"failureMessages":[],"meta":{},"tags":[]},{"ancestorTitles":["PostgreSQL platform validation authority"],"fullName":"PostgreSQL platform validation authority uses result content hash rather than its input snapshot hash","status":"passed","title":"uses result content hash rather than its input snapshot hash","duration":3.964328000000023,"failureMessages":[],"meta":{},"tags":[]},{"ancestorTitles":["PostgreSQL platform validation authority"],"fullName":"PostgreSQL platform validation authority never echoes a claimed world version when the authority does not have it","status":"passed","title":"never echoes a claimed world version when the authority does not have it","duration":1.2579020000000583,"failureMessages":[],"meta":{},"tags":[]},{"ancestorTitles":["PostgreSQL platform validation authority"],"fullName":"PostgreSQL platform validation authority reports pool failures as unready/unavailable instead of claiming CURRENT","status":"passed","title":"reports pool failures as unready/unavailable instead of claiming CURRENT","duration":8.500457000000097,"failureMessages":[],"meta":{},"tags":[]}],"startTime":1787744430915,"endTime":1787744431011.5005,"status":"passed","message":"","name":"/tmp/gowm-world-platform-gateway-semantics-v0.6.2/tests/platform/platform-validation-authority.test.ts"},{"assertionResults":[{"ancestorTitles":["platform validation Provider"],"fullName":"platform validation Provider registers stable result and snapshot operations","status":"passed","title":"registers stable result and snapshot operations","duration":146.64516300000014,"failureMessages":[],"meta":{},"tags":[]},{"ancestorTitles":["platform validation Provider"],"fullName":"platform validation Provider co-registers current Reference, Dataset, World Evidence and Platform manifests with one validation owner","status":"passed","title":"co-registers current Reference, Dataset, World Evidence and Platform manifests with one validation owner","duration":278.0356439999996,"failureMessages":[],"meta":{},"tags":[]},{"ancestorTitles":["platform validation Provider"],"fullName":"platform validation Provider exposes identical unified validation behavior for reference.validate and result.validate","status":"passed","title":"exposes identical unified validation behavior for reference.validate and result.validate","duration":56.32342199999948,"failureMessages":[],"meta":{},"tags":[]},{"ancestorTitles":["platform validation Provider"],"fullName":"platform validation Provider fails opaque snapshot lookup with a protocol error rather than an invalid empty result","status":"passed","title":"fails opaque snapshot lookup with a protocol error rather than an invalid empty result","duration":14.630637999999635,"failureMessages":[],"meta":{},"tags":[]},{"ancestorTitles":["platform validation Provider"],"fullName":"platform validation Provider normalizes result status without hiding source status and validates snapshots read-only","status":"passed","title":"normalizes result status without hiding source status and validates snapshots read-only","duration":52.27966500000002,"failureMessages":[],"meta":{},"tags":[]},{"ancestorTitles":["platform validation Provider"],"fullName":"platform validation Provider serves the controlled Provider protocol over authenticated HTTP","status":"passed","title":"serves the controlled Provider protocol over authenticated HTTP","duration":282.33243200000015,"failureMessages":[],"meta":{},"tags":[]},{"ancestorTitles":["platform validation Provider"],"fullName":"platform validation Provider preserves PostgreSQL result source status and resolves world-version currentness","status":"passed","title":"preserves PostgreSQL result source status and resolves world-version currentness","duration":2.301436000000649,"failureMessages":[],"meta":{},"tags":[]}],"startTime":1787744425222,"endTime":1787744426056.3015,"status":"passed","message":"","name":"/tmp/gowm-world-platform-gateway-semantics-v0.6.2/tests/platform/platform-validation-provider.test.ts"},{"assertionResults":[{"ancestorTitles":["Provider conformance fail-closed inspection"],"fullName":"Provider conformance fail-closed inspection compares hashes for URNs and file paths instead of accepting existence","status":"passed","title":"compares hashes for URNs and file paths instead of accepting existence","duration":3.6040570000000116,"failureMessages":[],"meta":{},"tags":[]},{"ancestorTitles":["Provider conformance fail-closed inspection"],"fullName":"Provider conformance fail-closed inspection rejects unknown URI/path and malformed or missing hash","status":"passed","title":"rejects unknown URI/path and malformed or missing hash","duration":1.1693099999999959,"failureMessages":[],"meta":{},"tags":[]},{"ancestorTitles":["Provider conformance fail-closed inspection"],"fullName":"Provider conformance fail-closed inspection detects sibling relative, absolute, re-export and dynamic imports without flagging owned imports","status":"passed","title":"detects sibling relative, absolute, re-export and dynamic imports without flagging owned imports","duration":14.270037999999886,"failureMessages":[],"meta":{},"tags":[]}],"startTime":1787744432282,"endTime":1787744432301.27,"status":"passed","message":"","name":"/tmp/gowm-world-platform-gateway-semantics-v0.6.2/tests/platform/provider-conformance-inspection.test.ts"},{"assertionResults":[{"ancestorTitles":["Provider SDK and conformance"],"fullName":"Provider SDK and conformance passes protocol, hash, deadline, budget, snapshot and idempotency checks","status":"passed","title":"passes protocol, hash, deadline, budget, snapshot and idempotency checks","duration":177.5717279999999,"failureMessages":[],"meta":{},"tags":[]},{"ancestorTitles":["Provider SDK and conformance"],"fullName":"Provider SDK and conformance keeps stateless receipts separate from world evidence and data snapshots","status":"passed","title":"keeps stateless receipts separate from world evidence and data snapshots","duration":21.546132000000398,"failureMessages":[],"meta":{},"tags":[]},{"ancestorTitles":["Provider SDK and conformance"],"fullName":"Provider SDK and conformance enforces the Gateway-attested input budget again inside the Provider","status":"passed","title":"enforces the Gateway-attested input budget again inside the Provider","duration":13.671196999999665,"failureMessages":[],"meta":{},"tags":[]},{"ancestorTitles":["Capability Registry and direct execution"],"fullName":"Capability Registry and direct execution retains the controlled provider identity when an HTTP provider rejects a request","status":"passed","title":"retains the controlled provider identity when an HTTP provider rejects a request","duration":149.7190930000006,"failureMessages":[],"meta":{},"tags":[]},{"ancestorTitles":["Capability Registry and direct execution"],"fullName":"Capability Registry and direct execution registers a future provider and executes it without operation-specific Gateway code","status":"passed","title":"registers a future provider and executes it without operation-specific Gateway code","duration":65.93805699999939,"failureMessages":[],"meta":{},"tags":[]},{"ancestorTitles":["Capability Registry and direct execution"],"fullName":"Capability Registry and direct execution enforces the caller output budget even when a nonconforming provider ignores it","status":"passed","title":"enforces the caller output budget even when a nonconforming provider ignores it","duration":42.40807799999948,"failureMessages":[],"meta":{},"tags":[]},{"ancestorTitles":["Capability Registry and direct execution"],"fullName":"Capability Registry and direct execution independently enforces reported row and candidate budgets for a nonconforming provider","status":"passed","title":"independently enforces reported row and candidate budgets for a nonconforming provider","duration":30.530578999999307,"failureMessages":[],"meta":{},"tags":[]},{"ancestorTitles":["Capability Registry and direct execution"],"fullName":"Capability Registry and direct execution supports operation version coexistence and blocks unapproved maturity","status":"passed","title":"supports operation version coexistence and blocks unapproved maturity","duration":10.277557999999772,"failureMessages":[],"meta":{},"tags":[]},{"ancestorTitles":["Capability Registry and direct execution"],"fullName":"Capability Registry and direct execution isolates an unhealthy provider without disabling unrelated capabilities","status":"passed","title":"isolates an unhealthy provider without disabling unrelated capabilities","duration":140.45049899999958,"failureMessages":[],"meta":{},"tags":[]},{"ancestorTitles":["Capability Registry and direct execution"],"fullName":"Capability Registry and direct execution opens and recovers an isolated provider circuit","status":"passed","title":"opens and recovers an isolated provider circuit","duration":6.058560000000398,"failureMessages":[],"meta":{},"tags":[]},{"ancestorTitles":["Capability Registry and direct execution"],"fullName":"Capability Registry and direct execution exposes catalog/detail/execute HTTP without trusting scope fields in the body","status":"passed","title":"exposes catalog/detail/execute HTTP without trusting scope fields in the body","duration":247.97264900000027,"failureMessages":[],"meta":{},"tags":[]},{"ancestorTitles":["controlled World Platform registry build"],"fullName":"controlled World Platform registry build combines discovered canonical fragments deterministically with 15 providers and no collision","status":"passed","title":"combines discovered canonical fragments deterministically with 15 providers and no collision","duration":880.8116239999999,"failureMessages":[],"meta":{},"tags":[]},{"ancestorTitles":["controlled World Platform registry build"],"fullName":"controlled World Platform registry build rejects missing required providers, identity/hash drift, duplicate routes and unapproved providers","status":"passed","title":"rejects missing required providers, identity/hash drift, duplicate routes and unapproved providers","duration":529.823859000001,"failureMessages":[],"meta":{},"tags":[]},{"ancestorTitles":["controlled World Platform registry build"],"fullName":"controlled World Platform registry build allows absent optional bridges with an explicit warning and unchanged required ownership","status":"passed","title":"allows absent optional bridges with an explicit warning and unchanged required ownership","duration":315.16201100000035,"failureMessages":[],"meta":{},"tags":[]}],"startTime":1787744426485,"endTime":1787744429146.162,"status":"passed","message":"","name":"/tmp/gowm-world-platform-gateway-semantics-v0.6.2/tests/platform/provider-gateway.test.ts"},{"assertionResults":[{"ancestorTitles":["Provider SDK deadline scheduling"],"fullName":"Provider SDK deadline scheduling does not collapse deadlines beyond the Node timer range to one millisecond","status":"passed","title":"does not collapse deadlines beyond the Node timer range to one millisecond","duration":31.877084000000195,"failureMessages":[],"meta":{},"tags":[]}],"startTime":1787744431398,"endTime":1787744431429.8772,"status":"passed","message":"","name":"/tmp/gowm-world-platform-gateway-semantics-v0.6.2/tests/platform/provider-sdk-deadline.test.ts"},{"assertionResults":[{"ancestorTitles":["normalized result and snapshot validation"],"fullName":"normalized result and snapshot validation retains source status and maps unknown statuses fail closed","status":"passed","title":"retains source status and maps unknown statuses fail closed","duration":14.692625000000135,"failureMessages":[],"meta":{},"tags":[]},{"ancestorTitles":["normalized result and snapshot validation"],"fullName":"normalized result and snapshot validation keeps snapshot consistency and validates each resource without mutation","status":"passed","title":"keeps snapshot consistency and validates each resource without mutation","duration":4.131855999999971,"failureMessages":[],"meta":{},"tags":[]},{"ancestorTitles":["normalized result and snapshot validation"],"fullName":"normalized result and snapshot validation fails closed when a snapshot manifest is changed without rehashing","status":"passed","title":"fails closed when a snapshot manifest is changed without rehashing","duration":1.373640000000023,"failureMessages":[],"meta":{},"tags":[]}],"startTime":1787744431323,"endTime":1787744431343.3735,"status":"passed","message":"","name":"/tmp/gowm-world-platform-gateway-semantics-v0.6.2/tests/platform/result-validation-core.test.ts"},{"assertionResults":[{"ancestorTitles":["GOWM v0.6 road coverage contracts"],"fullName":"GOWM v0.6 road coverage contracts bundles a resolvable authoritative schema set and generated types","status":"passed","title":"bundles a resolvable authoritative schema set and generated types","duration":34.209601999999904,"failureMessages":[],"meta":{},"tags":[]},{"ancestorTitles":["GOWM v0.6 road coverage contracts"],"fullName":"GOWM v0.6 road coverage contracts keeps every OpenAPI reference inside the authoritative v0.6 contract directory","status":"passed","title":"keeps every OpenAPI reference inside the authoritative v0.6 contract directory","duration":1.597929000000022,"failureMessages":[],"meta":{},"tags":[]},{"ancestorTitles":["GOWM v0.6 road coverage contracts"],"fullName":"GOWM v0.6 road coverage contracts attests exactly five versioned Provider operations to raw schema bytes","status":"passed","title":"attests exactly five versioned Provider operations to raw schema bytes","duration":8.030352999999991,"failureMessages":[],"meta":{},"tags":[]},{"ancestorTitles":["GOWM v0.6 road coverage contracts"],"fullName":"GOWM v0.6 road coverage contracts validates every typed package example and rejects the intentional multi-route example","status":"passed","title":"validates every typed package example and rejects the intentional multi-route example","duration":21.51514599999996,"failureMessages":[],"meta":{},"tags":[]},{"ancestorTitles":["GOWM v0.6 road coverage contracts"],"fullName":"GOWM v0.6 road coverage contracts fails closed on unknown, multi-route, either-direction, and future fleet fields","status":"passed","title":"fails closed on unknown, multi-route, either-direction, and future fleet fields","duration":7.736283000000071,"failureMessages":[],"meta":{},"tags":[]},{"ancestorTitles":["GOWM v0.6 road coverage contracts"],"fullName":"GOWM v0.6 road coverage contracts accepts only canonical EPSG:4326 Polygon/MultiPolygon or an Area ReferenceKey","status":"passed","title":"accepts only canonical EPSG:4326 Polygon/MultiPolygon or an Area ReferenceKey","duration":9.948498000000086,"failureMessages":[],"meta":{},"tags":[]},{"ancestorTitles":["GOWM v0.6 road coverage contracts"],"fullName":"GOWM v0.6 road coverage contracts freezes selection, service, endpoint, boundary, and alternative bounds","status":"passed","title":"freezes selection, service, endpoint, boundary, and alternative bounds","duration":23.663725999999997,"failureMessages":[],"meta":{},"tags":[]},{"ancestorTitles":["GOWM v0.6 road coverage contracts"],"fullName":"GOWM v0.6 road coverage contracts requires revalidation and exposes no dispatchable result claim","status":"passed","title":"requires revalidation and exposes no dispatchable result claim","duration":13.890399000000002,"failureMessages":[],"meta":{},"tags":[]}],"startTime":1787744422437,"endTime":1787744422558.8904,"status":"passed","message":"","name":"/tmp/gowm-world-platform-gateway-semantics-v0.6.2/tests/platform/road-coverage-contracts.test.ts"},{"assertionResults":[{"ancestorTitles":["independent route verifier"],"fullName":"independent route verifier accepts exact fixed-point replay and rejects metric mutation","status":"passed","title":"accepts exact fixed-point replay and rejects metric mutation","duration":5.95517899999993,"failureMessages":[],"meta":{},"tags":[]},{"ancestorTitles":["independent route verifier"],"fullName":"independent route verifier rejects an inserted forbidden turn without importing solver helpers","status":"passed","title":"rejects an inserted forbidden turn without importing solver helpers","duration":2.1492949999999382,"failureMessages":[],"meta":{},"tags":[]},{"ancestorTitles":["independent route verifier"],"fullName":"independent route verifier marks a valid immutable candidate stale when graph/profile/condition freshness changes","status":"passed","title":"marks a valid immutable candidate stale when graph/profile/condition freshness changes","duration":0.9280410000000074,"failureMessages":[],"meta":{},"tags":[]}],"startTime":1787744431797,"endTime":1787744431805.928,"status":"passed","message":"","name":"/tmp/gowm-world-platform-gateway-semantics-v0.6.2/tests/platform/route-independent-verifier.test.ts"},{"assertionResults":[{"ancestorTitles":["gowm.route-planning provider"],"fullName":"gowm.route-planning provider registers the frozen stable and preview operation locks","status":"passed","title":"registers the frozen stable and preview operation locks","duration":89.03085499999997,"failureMessages":[],"meta":{},"tags":[]}],"startTime":1787744428771,"endTime":1787744428860.0308,"status":"passed","message":"","name":"/tmp/gowm-world-platform-gateway-semantics-v0.6.2/tests/platform/route-planning-provider.test.ts"},{"assertionResults":[{"ancestorTitles":["STAS protocol adapter"],"fullName":"STAS protocol adapter exports all fifteen explicit operations without changing execution protocol or promoting maturity","status":"passed","title":"exports all fifteen explicit operations without changing execution protocol or promoting maturity","duration":211.87734199999977,"failureMessages":[],"meta":{},"tags":[]},{"ancestorTitles":["STAS protocol adapter"],"fullName":"STAS protocol adapter keeps liveness independent of unavailable native data","status":"passed","title":"keeps liveness independent of unavailable native data","duration":620.9504569999999,"failureMessages":[],"meta":{},"tags":[]},{"ancestorTitles":["STAS protocol adapter"],"fullName":"STAS protocol adapter authorizes native UUID scope before invoking any analysis","status":"passed","title":"authorizes native UUID scope before invoking any analysis","duration":149.21751500000028,"failureMessages":[],"meta":{},"tags":[]}],"startTime":1787744424202,"endTime":1787744425184.2175,"status":"passed","message":"","name":"/tmp/gowm-world-platform-gateway-semantics-v0.6.2/tests/platform/stas-provider.test.ts"},{"assertionResults":[{"ancestorTitles":["World Query DAG runtime"],"fullName":"World Query DAG runtime rejects unsafe or incomplete Registry output selector declarations","status":"passed","title":"rejects unsafe or incomplete Registry output selector declarations","duration":104.37778600000001,"failureMessages":[],"meta":{},"tags":[]},{"ancestorTitles":["World Query DAG runtime"],"fullName":"World Query DAG runtime executes typed nodes, persists hashes and replays the query idempotently","status":"passed","title":"executes typed nodes, persists hashes and replays the query idempotently","duration":194.06458700000076,"failureMessages":[],"meta":{},"tags":[]},{"ancestorTitles":["World Query DAG runtime"],"fullName":"World Query DAG runtime rejects cycles and aggregate budget overflow before any provider call","status":"passed","title":"rejects cycles and aggregate budget overflow before any provider call","duration":56.346307999999226,"failureMessages":[],"meta":{},"tags":[]},{"ancestorTitles":["World Query DAG runtime"],"fullName":"World Query DAG runtime rejects an incompatible typed port before execution","status":"passed","title":"rejects an incompatible typed port before execution","duration":39.19484499999999,"failureMessages":[],"meta":{},"tags":[]},{"ancestorTitles":["World Query DAG runtime"],"fullName":"World Query DAG runtime rejects incompatible explicit REFERENCE_KEY semantics before any Provider execution","status":"passed","title":"rejects incompatible explicit REFERENCE_KEY semantics before any Provider execution","duration":28.495144000000437,"failureMessages":[],"meta":{},"tags":[]},{"ancestorTitles":["World Query DAG runtime"],"fullName":"World Query DAG runtime rejects incompatible explicit GEOMETRY semantics before any Provider execution","status":"passed","title":"rejects incompatible explicit GEOMETRY semantics before any Provider execution","duration":21.881384999999682,"failureMessages":[],"meta":{},"tags":[]},{"ancestorTitles":["World Query DAG runtime"],"fullName":"World Query DAG runtime builds a canonical request envelope from typed field and output-path bindings","status":"passed","title":"builds a canonical request envelope from typed field and output-path bindings","duration":131.30384500000036,"failureMessages":[],"meta":{},"tags":[]},{"ancestorTitles":["World Query DAG runtime"],"fullName":"World Query DAG runtime rejects caller-selected output paths or forged path port semantics","status":"passed","title":"rejects caller-selected output paths or forged path port semantics","duration":61.78465300000062,"failureMessages":[],"meta":{},"tags":[]},{"ancestorTitles":["World Query DAG runtime"],"fullName":"World Query DAG runtime builds a schema-validated nested request from typed targetPath leaf bindings","status":"passed","title":"builds a schema-validated nested request from typed targetPath leaf bindings","duration":91.10569099999975,"failureMessages":[],"meta":{},"tags":[]},{"ancestorTitles":["World Query DAG runtime"],"fullName":"World Query DAG runtime validates both typed leaves and the fully assembled nested operation request","status":"passed","title":"validates both typed leaves and the fully assembled nested operation request","duration":56.557512000000315,"failureMessages":[],"meta":{},"tags":[]},{"ancestorTitles":["World Query DAG runtime"],"fullName":"World Query DAG runtime rejects unsafe or ambiguous targetPath uses before provider execution","status":"passed","title":"rejects unsafe or ambiguous targetPath uses before provider execution","duration":41.186508000000686,"failureMessages":[],"meta":{},"tags":[]},{"ancestorTitles":["World Query DAG runtime"],"fullName":"World Query DAG runtime skips a guarded node when a typed output value does not equal the precondition","status":"passed","title":"skips a guarded node when a typed output value does not equal the precondition","duration":52.07917699999962,"failureMessages":[],"meta":{},"tags":[]},{"ancestorTitles":["World Query DAG runtime"],"fullName":"World Query DAG runtime preserves node/provider error identity while allowing an independent partial result","status":"passed","title":"preserves node/provider error identity while allowing an independent partial result","duration":42.226008999999976,"failureMessages":[],"meta":{},"tags":[]},{"ancestorTitles":["World Query DAG runtime"],"fullName":"World Query DAG runtime stops downstream nodes under FAIL_FAST","status":"passed","title":"stops downstream nodes under FAIL_FAST","duration":26.997871999999916,"failureMessages":[],"meta":{},"tags":[]},{"ancestorTitles":["World Query DAG runtime"],"fullName":"World Query DAG runtime resumes an asynchronously queued plan from a new runtime using persisted nodes","status":"passed","title":"resumes an asynchronously queued plan from a new runtime using persisted nodes","duration":45.51339299999927,"failureMessages":[],"meta":{},"tags":[]},{"ancestorTitles":["World Query DAG runtime"],"fullName":"World Query DAG runtime exposes async submit, lookup, cancellation and job lookup routes","status":"passed","title":"exposes async submit, lookup, cancellation and job lookup routes","duration":186.40472099999988,"failureMessages":[],"meta":{},"tags":[]}],"startTime":1787744426339,"endTime":1787744427529.4048,"status":"passed","message":"","name":"/tmp/gowm-world-platform-gateway-semantics-v0.6.2/tests/platform/world-query-runtime.test.ts"},{"assertionResults":[{"ancestorTitles":["GOWM C1-C10 scenarios"],"fullName":"GOWM C1-C10 scenarios C1 finds the nearest five available UGVs","status":"passed","title":"C1 finds the nearest five available UGVs","duration":21.32894699999997,"failureMessages":[],"meta":{},"tags":[]},{"ancestorTitles":["GOWM C1-C10 scenarios"],"fullName":"GOWM C1-C10 scenarios C2 combines world, spatial and H3 area situation","status":"passed","title":"C2 combines world, spatial and H3 area situation","duration":10.139644999999973,"failureMessages":[],"meta":{},"tags":[]},{"ancestorTitles":["GOWM C1-C10 scenarios"],"fullName":"GOWM C1-C10 scenarios C3 and C9 aggregate hotspots and drill down R7 to R9","status":"passed","title":"C3 and C9 aggregate hotspots and drill down R7 to R9","duration":103.67096700000002,"failureMessages":[],"meta":{},"tags":[]},{"ancestorTitles":["GOWM C1-C10 scenarios"],"fullName":"GOWM C1-C10 scenarios C4 projects Observation into current state with provenance","status":"passed","title":"C4 projects Observation into current state with provenance","duration":1.4674019999999928,"failureMessages":[],"meta":{},"tags":[]},{"ancestorTitles":["GOWM C1-C10 scenarios"],"fullName":"GOWM C1-C10 scenarios C5 resolves multi-source conflict by priority, confidence and time","status":"passed","title":"C5 resolves multi-source conflict by priority, confidence and time","duration":20.11783800000012,"failureMessages":[],"meta":{},"tags":[]},{"ancestorTitles":["GOWM C1-C10 scenarios"],"fullName":"GOWM C1-C10 scenarios C6 emits ObjectEnteredArea without agent polling","status":"passed","title":"C6 emits ObjectEnteredArea without agent polling","duration":1.4925879999998415,"failureMessages":[],"meta":{},"tags":[]},{"ancestorTitles":["GOWM C1-C10 scenarios"],"fullName":"GOWM C1-C10 scenarios C7 ingests 100 moving vehicles and separates current from history","status":"passed","title":"C7 ingests 100 moving vehicles and separates current from history","duration":282.3446720000002,"failureMessages":[],"meta":{},"tags":[]},{"ancestorTitles":["GOWM C1-C10 scenarios"],"fullName":"GOWM C1-C10 scenarios C10 reconstructs the same state from immutable observations","status":"passed","title":"C10 reconstructs the same state from immutable observations","duration":225.60201900000038,"failureMessages":[],"meta":{},"tags":[]}],"startTime":1787744422356,"endTime":1787744423023.602,"status":"passed","message":"","name":"/tmp/gowm-world-platform-gateway-semantics-v0.6.2/tests/scenario/c1-c10.test.ts"},{"assertionResults":[{"ancestorTitles":["C8 Agent MCP"],"fullName":"C8 Agent MCP lists tools and invokes nearby without database knowledge","status":"passed","title":"lists tools and invokes nearby without database knowledge","duration":359.1441420000001,"failureMessages":[],"meta":{},"tags":[]}],"startTime":1787744427645,"endTime":1787744428004.144,"status":"passed","message":"","name":"/tmp/gowm-world-platform-gateway-semantics-v0.6.2/tests/scenario/mcp.test.ts"},{"assertionResults":[{"ancestorTitles":["GOWM+ canonical observation v1.2"],"fullName":"GOWM+ canonical observation v1.2 keeps time, position accuracy and algorithm confidence separate","status":"passed","title":"keeps time, position accuracy and algorithm confidence separate","duration":63.358932000000095,"failureMessages":[],"meta":{},"tags":[]},{"ancestorTitles":["GOWM+ canonical observation v1.2"],"fullName":"GOWM+ canonical observation v1.2 excludes server receipt time but preserves upstream time in the idempotency fingerprint","status":"passed","title":"excludes server receipt time but preserves upstream time in the idempotency fingerprint","duration":5.142190000000028,"failureMessages":[],"meta":{},"tags":[]},{"ancestorTitles":["GOWM+ canonical observation v1.2"],"fullName":"GOWM+ canonical observation v1.2 propagates external correlation metadata as evidence without changing internal identity","status":"passed","title":"propagates external correlation metadata as evidence without changing internal identity","duration":14.951303999999936,"failureMessages":[],"meta":{},"tags":[]},{"ancestorTitles":["GOWM+ canonical observation v1.2"],"fullName":"GOWM+ canonical observation v1.2 rejects client-owned receivedAt and invalid typed uncertainty","status":"passed","title":"rejects client-owned receivedAt and invalid typed uncertainty","duration":8.076495999999906,"failureMessages":[],"meta":{},"tags":[]},{"ancestorTitles":["GOWM+ canonical observation v1.2"],"fullName":"GOWM+ canonical observation v1.2 adapts v1.1 without treating missing accuracy as zero error","status":"passed","title":"adapts v1.1 without treating missing accuracy as zero error","duration":6.51036299999987,"failureMessages":[],"meta":{},"tags":[]}],"startTime":1787744429854,"endTime":1787744429951.5103,"status":"passed","message":"","name":"/tmp/gowm-world-platform-gateway-semantics-v0.6.2/tests/unit/canonical-observation.test.ts"},{"assertionResults":[{"ancestorTitles":["verified coverage alternatives"],"fullName":"verified coverage alternatives keeps identical routes request-owned and scope-isolated while preserving replay","status":"passed","title":"keeps identical routes request-owned and scope-isolated while preserving replay","duration":147.08763099999987,"failureMessages":[],"meta":{},"tags":[]},{"ancestorTitles":["verified coverage alternatives"],"fullName":"verified coverage alternatives returns one or two requested independently verified alternatives","status":"passed","title":"returns one or two requested independently verified alternatives","duration":75.10818300000028,"failureMessages":[],"meta":{},"tags":[]},{"ancestorTitles":["verified coverage alternatives"],"fullName":"verified coverage alternatives deduplicates identical ordered routes and ignores display-only metadata","status":"passed","title":"deduplicates identical ordered routes and ignores display-only metadata","duration":17.439780000000155,"failureMessages":[],"meta":{},"tags":[]},{"ancestorTitles":["verified coverage alternatives"],"fullName":"verified coverage alternatives enforces weighted overlap and deadhead Jaccard thresholds","status":"passed","title":"enforces weighted overlap and deadhead Jaccard thresholds","duration":10.644740000000183,"failureMessages":[],"meta":{},"tags":[]},{"ancestorTitles":["verified coverage alternatives"],"fullName":"verified coverage alternatives rejects unverified candidates before deduplication or ranking","status":"passed","title":"rejects unverified candidates before deduplication or ranking","duration":18.99708899999996,"failureMessages":[],"meta":{},"tags":[]},{"ancestorTitles":["verified coverage alternatives"],"fullName":"verified coverage alternatives ranks deterministically and derives truthful objective explanation facts","status":"passed","title":"ranks deterministically and derives truthful objective explanation facts","duration":20.243519000000106,"failureMessages":[],"meta":{},"tags":[]},{"ancestorTitles":["verified coverage alternatives"],"fullName":"verified coverage alternatives deep-freezes the result and exposes the explicit termination reason","status":"passed","title":"deep-freezes the result and exposes the explicit termination reason","duration":23.345904999999675,"failureMessages":[],"meta":{},"tags":[]},{"ancestorTitles":["verified coverage alternatives"],"fullName":"verified coverage alternatives publishes domain no-feasible outcomes with independent snapshot hashes","status":"passed","title":"publishes domain no-feasible outcomes with independent snapshot hashes","duration":20.84707500000013,"failureMessages":[],"meta":{},"tags":[]}],"startTime":1787744426328,"endTime":1787744426662.8472,"status":"passed","message":"","name":"/tmp/gowm-world-platform-gateway-semantics-v0.6.2/tests/unit/coverage-alternatives.test.ts"},{"assertionResults":[{"ancestorTitles":["coverage async worker"],"fullName":"coverage async worker computes between bounded repository statements and publishes only after persistence","status":"passed","title":"computes between bounded repository statements and publishes only after persistence","duration":25.774729999999863,"failureMessages":[],"meta":{},"tags":[]},{"ancestorTitles":["coverage async worker"],"fullName":"coverage async worker returns idle without invoking compute when no request can be admitted","status":"passed","title":"returns idle without invoking compute when no request can be admitted","duration":17.154682999999977,"failureMessages":[],"meta":{},"tags":[]},{"ancestorTitles":["coverage async worker"],"fullName":"coverage async worker fails closed when a generation loses its lease before compute","status":"passed","title":"fails closed when a generation loses its lease before compute","duration":2.8354609999998956,"failureMessages":[],"meta":{},"tags":[]}],"startTime":1787744430187,"endTime":1787744430243.8354,"status":"passed","message":"","name":"/tmp/gowm-world-platform-gateway-semantics-v0.6.2/tests/unit/coverage-async-runtime.test.ts"},{"assertionResults":[{"ancestorTitles":["closed directed Chinese Postman solver"],"fullName":"closed directed Chinese Postman solver returns an exact Euler coverage circuit for an already balanced required graph","status":"passed","title":"returns an exact Euler coverage circuit for an already balanced required graph","duration":184.9910030000001,"failureMessages":[],"meta":{},"tags":[]},{"ancestorTitles":["closed directed Chinese Postman solver"],"fullName":"closed directed Chinese Postman solver uses the globally cheapest directed connector to balance an imbalanced required multigraph","status":"passed","title":"uses the globally cheapest directed connector to balance an imbalanced required multigraph","duration":16.765319999999974,"failureMessages":[],"meta":{},"tags":[]},{"ancestorTitles":["closed directed Chinese Postman solver"],"fullName":"closed directed Chinese Postman solver is deterministic and closes at the exact partial directed start state","status":"passed","title":"is deterministic and closes at the exact partial directed start state","duration":16.626158999999916,"failureMessages":[],"meta":{},"tags":[]},{"ancestorTitles":["closed directed Chinese Postman solver"],"fullName":"closed directed Chinese Postman solver fails closed instead of treating a partial RPP obligation as closed DCPP","status":"passed","title":"fails closed instead of treating a partial RPP obligation as closed DCPP","duration":12.063427000000047,"failureMessages":[],"meta":{},"tags":[]}],"startTime":1787744429154,"endTime":1787744429384.0635,"status":"passed","message":"","name":"/tmp/gowm-world-platform-gateway-semantics-v0.6.2/tests/unit/coverage-closed-dcpp.test.ts"},{"assertionResults":[{"ancestorTitles":["coverage endpoint and boundary policy"],"fullName":"coverage endpoint and boundary policy returns ambiguity for equal-score parallel-road start candidates","status":"passed","title":"returns ambiguity for equal-score parallel-road start candidates","duration":79.68054600000005,"failureMessages":[],"meta":{},"tags":[]},{"ancestorTitles":["coverage endpoint and boundary policy"],"fullName":"coverage endpoint and boundary policy preserves an exact directed partial start without creating a graph arc","status":"passed","title":"preserves an exact directed partial start without creating a graph arc","duration":11.461109999999962,"failureMessages":[],"meta":{},"tags":[]},{"ancestorTitles":["coverage endpoint and boundary policy"],"fullName":"coverage endpoint and boundary policy bounds, deduplicates, and deterministically orders AUTO boundary candidates","status":"passed","title":"bounds, deduplicates, and deterministically orders AUTO boundary candidates","duration":2.4604719999999816,"failureMessages":[],"meta":{},"tags":[]},{"ancestorTitles":["coverage endpoint and boundary policy"],"fullName":"coverage endpoint and boundary policy limits CANDIDATE_SET to supplied validated states","status":"passed","title":"limits CANDIDATE_SET to supplied validated states","duration":2.6563780000001316,"failureMessages":[],"meta":{},"tags":[]},{"ancestorTitles":["coverage endpoint and boundary policy"],"fullName":"coverage endpoint and boundary policy requires exactly one state in FIXED boundary mode","status":"passed","title":"requires exactly one state in FIXED boundary mode","duration":0.6917590000000473,"failureMessages":[],"meta":{},"tags":[]},{"ancestorTitles":["coverage endpoint and boundary policy"],"fullName":"coverage endpoint and boundary policy verifies RETURN_TO_START and FIXED_END terminals exactly","status":"passed","title":"verifies RETURN_TO_START and FIXED_END terminals exactly","duration":1.8315869999998995,"failureMessages":[],"meta":{},"tags":[]},{"ancestorTitles":["coverage endpoint and boundary policy"],"fullName":"coverage endpoint and boundary policy requires LAST_AREA_EXIT to end on the final outbound event","status":"passed","title":"requires LAST_AREA_EXIT to end on the final outbound event","duration":6.507453999999825,"failureMessages":[],"meta":{},"tags":[]},{"ancestorTitles":["coverage endpoint and boundary policy"],"fullName":"coverage endpoint and boundary policy allows legal reentry under FREE and rejects it under NO_REENTRY","status":"passed","title":"allows legal reentry under FREE and rejects it under NO_REENTRY","duration":2.7108250000001135,"failureMessages":[],"meta":{},"tags":[]},{"ancestorTitles":["coverage endpoint and boundary policy"],"fullName":"coverage endpoint and boundary policy enforces FIRST_ENTRY_ONLY cardinality","status":"passed","title":"enforces FIRS
[...]
:[]},{"ancestorTitles":["network profiles, costs and conditions"],"fullName":"network profiles, costs and conditions recomputes exact integer distance/duration and deterministic weighted cost","status":"passed","title":"recomputes exact integer distance/duration and deterministic weighted cost","duration":7.493036999999958,"failureMessages":[],"meta":{},"tags":[]},{"ancestorTitles":["network profiles, costs and conditions"],"fullName":"network profiles, costs and conditions pins closure, speed and risk overrides without mutating the Arc or old snapshot","status":"passed","title":"pins closure, speed and risk overrides without mutating the Arc or old snapshot","duration":7.386896999999976,"failureMessages":[],"meta":{},"tags":[]}],"startTime":1787744429940,"endTime":1787744429985.387,"status":"passed","message":"","name":"/tmp/gowm-world-platform-gateway-semantics-v0.6.2/tests/unit/network-profile-cost-condition.test.ts"},{"assertionResults":[{"ancestorTitles":["network topology builder"],"fullName":"network topology builder splits at-grade intersections into one shared node and directed arcs","status":"passed","title":"splits at-grade intersections into one shared node and directed arcs","duration":48.25520499999993,"failureMessages":[],"meta":{},"tags":[]},{"ancestorTitles":["network topology builder"],"fullName":"network topology builder does not create a false 'bridge'-grade crossing","status":"passed","title":"does not create a false 'bridge'-grade crossing","duration":3.0837169999999787,"failureMessages":[],"meta":{},"tags":[]},{"ancestorTitles":["network topology builder"],"fullName":"network topology builder does not create a false 'tunnel'-grade crossing","status":"passed","title":"does not create a false 'tunnel'-grade crossing","duration":2.2422260000000733,"failureMessages":[],"meta":{},"tags":[]},{"ancestorTitles":["network topology builder"],"fullName":"network topology builder does not create a false 'layer'-grade crossing","status":"passed","title":"does not create a false 'layer'-grade crossing","duration":2.4990839999998116,"failureMessages":[],"meta":{},"tags":[]},{"ancestorTitles":["network topology builder"],"fullName":"network topology builder preserves parallel ways as distinct physical edges","status":"passed","title":"preserves parallel ways as distinct physical edges","duration":2.4072150000001784,"failureMessages":[],"meta":{},"tags":[]},{"ancestorTitles":["network topology builder"],"fullName":"network topology builder omits illegal reverse arcs and orients every Arc to its endpoints","status":"passed","title":"omits illegal reverse arcs and orients every Arc to its endpoints","duration":3.122285000000147,"failureMessages":[],"meta":{},"tags":[]},{"ancestorTitles":["network topology builder"],"fullName":"network topology builder reproduces topology/content hashes independent of feature order","status":"passed","title":"reproduces topology/content hashes independent of feature order","duration":8.738562999999886,"failureMessages":[],"meta":{},"tags":[]},{"ancestorTitles":["network topology builder"],"fullName":"network topology builder fails closed on a zero-length source segment","status":"passed","title":"fails closed on a zero-length source segment","duration":2.944979000000103,"failureMessages":[],"meta":{},"tags":[]}],"startTime":1787744427220,"endTime":1787744427293.945,"status":"passed","message":"","name":"/tmp/gowm-world-platform-gateway-semantics-v0.6.2/tests/unit/network-topology-builder.test.ts"},{"assertionResults":[{"ancestorTitles":["turn restriction compiler"],"fullName":"turn restriction compiler resolves pairwise source features to one valid directed Arc pair","status":"passed","title":"resolves pairwise source features to one valid directed Arc pair","duration":55.71983999999998,"failureMessages":[],"meta":{},"tags":[]},{"ancestorTitles":["turn restriction compiler"],"fullName":"turn restriction compiler compiles multi-edge rules and overlapping deterministic automaton matches","status":"passed","title":"compiles multi-edge rules and overlapping deterministic automaton matches","duration":3.6589400000000296,"failureMessages":[],"meta":{},"tags":[]},{"ancestorTitles":["turn restriction compiler"],"fullName":"turn restriction compiler reproduces rule, automaton and content hashes independent of input order","status":"passed","title":"reproduces rule, automaton and content hashes independent of input order","duration":4.383666999999946,"failureMessages":[],"meta":{},"tags":[]},{"ancestorTitles":["turn restriction compiler"],"fullName":"turn restriction compiler records unresolved hard rules as activation-blocking FATAL diagnostics","status":"passed","title":"records unresolved hard rules as activation-blocking FATAL diagnostics","duration":3.0180900000000292,"failureMessages":[],"meta":{},"tags":[]},{"ancestorTitles":["turn restriction compiler"],"fullName":"turn restriction compiler records unresolved penalty rules as non-blocking WARNING diagnostics","status":"passed","title":"records unresolved penalty rules as non-blocking WARNING diagnostics","duration":2.397293999999988,"failureMessages":[],"meta":{},"tags":[]},{"ancestorTitles":["turn restriction compiler"],"fullName":"turn restriction compiler fails closed on inconsistent penalty values","status":"passed","title":"fails closed on inconsistent penalty values","duration":3.4054780000000164,"failureMessages":[],"meta":{},"tags":[]}],"startTime":1787744427468,"endTime":1787744427541.4055,"status":"passed","message":"","name":"/tmp/gowm-world-platform-gateway-semantics-v0.6.2/tests/unit/network-turn-restrictions.test.ts"},{"assertionResults":[{"ancestorTitles":["v0.4 operational event ingest"],"fullName":"v0.4 operational event ingest accepts every frozen event type and rejects boundary-owned output fields","status":"passed","title":"accepts every frozen event type and rejects boundary-owned output fields","duration":27.93136699999991,"failureMessages":[],"meta":{},"tags":[]},{"ancestorTitles":["v0.4 operational event ingest"],"fullName":"v0.4 operational event ingest keeps internal task identity distinct from propagated external identity","status":"passed","title":"keeps internal task identity distinct from propagated external identity","duration":2.2464610000001812,"failureMessages":[],"meta":{},"tags":[]},{"ancestorTitles":["v0.4 operational event ingest"],"fullName":"v0.4 operational event ingest classifies late events and rejects events beyond future skew","status":"passed","title":"classifies late events and rejects events beyond future skew","duration":1.5834760000000188,"failureMessages":[],"meta":{},"tags":[]}],"startTime":1787744429919,"endTime":1787744429950.5835,"status":"passed","message":"","name":"/tmp/gowm-world-platform-gateway-semantics-v0.6.2/tests/unit/operational-event.test.ts"},{"assertionResults":[{"ancestorTitles":["operational observability contracts"],"fullName":"operational observability contracts requires bounded time, sources, and freshness policy","status":"passed","title":"requires bounded time, sources, and freshness policy","duration":38.865229,"failureMessages":[],"meta":{},"tags":[]},{"ancestorTitles":["operational observability contracts"],"fullName":"operational observability contracts accepts FRESH as a distinct assessment status","status":"passed","title":"accepts FRESH as a distinct assessment status","duration":16.154138999999986,"failureMessages":[],"meta":{},"tags":[]},{"ancestorTitles":["operational observability contracts"],"fullName":"operational observability contracts accepts STALE as a distinct assessment status","status":"passed","title":"accepts STALE as a distinct assessment status","duration":1.9619860000000244,"failureMessages":[],"meta":{},"tags":[]},{"ancestorTitles":["operational observability contracts"],"fullName":"operational observability contracts accepts OBSERVATION_GAP as a distinct assessment status","status":"passed","title":"accepts OBSERVATION_GAP as a distinct assessment status","duration":9.044634999999971,"failureMessages":[],"meta":{},"tags":[]},{"ancestorTitles":["operational observability contracts"],"fullName":"operational observability contracts accepts NO_DATA as a distinct assessment status","status":"passed","title":"accepts NO_DATA as a distinct assessment status","duration":1.5130119999998897,"failureMessages":[],"meta":{},"tags":[]},{"ancestorTitles":["operational observability contracts"],"fullName":"operational observability contracts accepts SOURCE_UNHEALTHY as a distinct assessment status","status":"passed","title":"accepts SOURCE_UNHEALTHY as a distinct assessment status","duration":1.8262409999999818,"failureMessages":[],"meta":{},"tags":[]},{"ancestorTitles":["operational observability contracts"],"fullName":"operational observability contracts accepts INDETERMINATE as a distinct assessment status","status":"passed","title":"accepts INDETERMINATE as a distinct assessment status","duration":12.86221599999999,"failureMessages":[],"meta":{},"tags":[]}],"startTime":1787744431043,"endTime":1787744431125.8623,"status":"passed","message":"","name":"/tmp/gowm-world-platform-gateway-semantics-v0.6.2/tests/unit/operational-observability.test.ts"},{"assertionResults":[{"ancestorTitles":["external predicate contracts"],"fullName":"external predicate contracts accepts IS_INSIDE without treating it as an observation","status":"passed","title":"accepts IS_INSIDE without treating it as an observation","duration":28.687753999999813,"failureMessages":[],"meta":{},"tags":[]},{"ancestorTitles":["external predicate contracts"],"fullName":"external predicate contracts accepts IS_NEAR without treating it as an observation","status":"passed","title":"accepts IS_NEAR without treating it as an observation","duration":7.636408000000074,"failureMessages":[],"meta":{},"tags":[]},{"ancestorTitles":["external predicate contracts"],"fullName":"external predicate contracts accepts INTERSECTS without treating it as an observation","status":"passed","title":"accepts INTERSECTS without treating it as an observation","duration":3.680729999999812,"failureMessages":[],"meta":{},"tags":[]},{"ancestorTitles":["external predicate contracts"],"fullName":"external predicate contracts accepts HAS_REACHED without treating it as an observation","status":"passed","title":"accepts HAS_REACHED without treating it as an observation","duration":8.677068999999847,"failureMessages":[],"meta":{},"tags":[]},{"ancestorTitles":["external predicate contracts"],"fullName":"external predicate contracts accepts HAS_STOPPED without treating it as an observation","status":"passed","title":"accepts HAS_STOPPED without treating it as an observation","duration":5.827649000000065,"failureMessages":[],"meta":{},"tags":[]},{"ancestorTitles":["external predicate contracts"],"fullName":"external predicate contracts accepts HAS_OBSERVED without treating it as an observation","status":"passed","title":"accepts HAS_OBSERVED without treating it as an observation","duration":1.4038980000000265,"failureMessages":[],"meta":{},"tags":[]},{"ancestorTitles":["external predicate contracts"],"fullName":"external predicate contracts accepts EVENT_OCCURRED without treating it as an observation","status":"passed","title":"accepts EVENT_OCCURRED without treating it as an observation","duration":5.072851000000128,"failureMessages":[],"meta":{},"tags":[]},{"ancestorTitles":["external predicate contracts"],"fullName":"external predicate contracts accepts STATE_EQUALS without treating it as an observation","status":"passed","title":"accepts STATE_EQUALS without treating it as an observation","duration":1.5793350000001283,"failureMessages":[],"meta":{},"tags":[]},{"ancestorTitles":["external predicate contracts"],"fullName":"external predicate contracts rejects undeclared predicate fields","status":"passed","title":"rejects undeclared predicate fields","duration":8.222467000000051,"failureMessages":[],"meta":{},"tags":[]},{"ancestorTitles":["external predicate contracts"],"fullName":"external predicate contracts accepts every conservative evaluation status","status":"passed","title":"accepts every conservative evaluation status","duration":25.13334799999984,"failureMessages":[],"meta":{},"tags":[]}],"startTime":1787744427187,"endTime":1787744427284.1333,"status":"passed","message":"","name":"/tmp/gowm-world-platform-gateway-semantics-v0.6.2/tests/unit/operational-predicate.test.ts"},{"assertionResults":[{"ancestorTitles":["road coverage area selection and obligation identity"],"fullName":"road coverage area selection and obligation identity expands both legal arc directions into fixed obligations with oriented fractions","status":"passed","title":"expands both legal arc directions into fixed obligations with oriented fractions","duration":130.07052900000008,"failureMessages":[],"meta":{},"tags":[]},{"ancestorTitles":["road coverage area selection and obligation identity"],"fullName":"road coverage area selection and obligation identity uses an approved deterministic fixed-direction policy without inventing a reverse arc","status":"passed","title":"uses an approved deterministic fixed-direction policy without inventing a reverse arc","duration":15.774351000000024,"failureMessages":[],"meta":{},"tags":[]},{"ancestorTitles":["road coverage area selection and obligation identity"],"fullName":"road coverage area selection and obligation identity accepts a source-feature direction only when the source is authoritative","status":"passed","title":"accepts a source-feature direction only when the source is authoritative","duration":13.05991599999993,"failureMessages":[],"meta":{},"tags":[]},{"ancestorTitles":["road coverage area selection and obligation identity"],"fullName":"road coverage area selection and obligation identity fails closed when fixed-direction authority is missing","status":"passed","title":"fails closed when fixed-direction authority is missing","duration":0.9256669999999758,"failureMessages":[],"meta":{},"tags":[]},{"ancestorTitles":["road coverage area selection and obligation identity"],"fullName":"road coverage area selection and obligation identity enforces the selection candidate budget before producing obligations","status":"passed","title":"enforces the selection candidate budget before producing obligations","duration":7.307845999999927,"failureMessages":[],"meta":{},"tags":[]},{"ancestorTitles":["road coverage area selection and obligation identity"],"fullName":"road coverage area selection and obligation identity uses an explicit DENY policy for empty selection","status":"passed","title":"uses an explicit DENY policy for empty selection","duration":5.821178000000032,"failureMessages":[],"meta":{},"tags":[]},{"ancestorTitles":["road coverage area selection and obligation identity"],"fullName":"road coverage area selection and obligation identity validates and re-identifies manual obligations against the pinned graph","status":"passed","title":"validates and re-identifies manual obligations against the pinned graph","duration":3.644010000000094,"failureMessages":[],"meta":{},"tags":[]},{"ancestorTitles":["road coverage area selection and obligation identity"],"fullName":"road coverage area selection and obligation identity retains area and feature ReferenceKeys in canonical identity","status":"passed","title":"retains area and feature ReferenceKeys in canonical identity","duration":0.9847770000000082,"failureMessages":[],"meta":{},"tags":[]},{"ancestorTitles":["road coverage area selection and obligation identity"],"fullName":"road coverage area selection and obligation identity produces stable obligation order and ledger hash independent of input order","status":"passed","title":"produces stable obligation order and ledger hash independent of input order","duration":13.71409600000004,"failureMessages":[],"meta":{},"tags":[]},{"ancestorTitles":["road coverage area selection and obligation identity"],"fullName":"road coverage area selection and obligation identity canonicalizes arbitrary obligation rows by arc and fractions","status":"passed","title":"canonicalizes arbitrary obligation rows by arc and fractions","duration":0.5558059999999614,"failureMessages":[],"meta":{},"tags":[]}],"startTime":1787744429676,"endTime":1787744429868.556,"status":"passed","message":"","name":"/tmp/gowm-world-platform-gateway-semantics-v0.6.2/tests/unit/road-coverage-selection.test.ts"},{"assertionResults":[{"ancestorTitles":["routing snapshot currentness"],"fullName":"routing snapshot currentness keeps frozen plan validity separate when a condition becomes stale","status":"passed","title":"keeps frozen plan validity separate when a condition becomes stale","duration":18.996990000000096,"failureMessages":[],"meta":{},"tags":[]},{"ancestorTitles":["routing snapshot currentness"],"fullName":"routing snapshot currentness reports unknown source-world currentness independently","status":"passed","title":"reports unknown source-world currentness independently","duration":13.449971999999889,"failureMessages":[],"meta":{},"tags":[]},{"ancestorTitles":["routing snapshot currentness"],"fullName":"routing snapshot currentness reports GRAPH changes without mutating the frozen snapshot","status":"passed","title":"reports GRAPH changes without mutating the frozen snapshot","duration":1.1146349999999074,"failureMessages":[],"meta":{},"tags":[]},{"ancestorTitles":["routing snapshot currentness"],"fullName":"routing snapshot currentness reports GRAPH changes without mutating the frozen snapshot","status":"passed","title":"reports GRAPH changes without mutating the frozen snapshot","duration":0.8552360000001045,"failureMessages":[],"meta":{},"tags":[]},{"ancestorTitles":["routing snapshot currentness"],"fullName":"routing snapshot currentness reports TRAVEL_PROFILE changes without mutating the frozen snapshot","status":"passed","title":"reports TRAVEL_PROFILE changes without mutating the frozen snapshot","duration":2.118253999999979,"failureMessages":[],"meta":{},"tags":[]},{"ancestorTitles":["routing snapshot currentness"],"fullName":"routing snapshot currentness reports COST_PROFILE changes without mutating the frozen snapshot","status":"passed","title":"reports COST_PROFILE changes without mutating the frozen snapshot","duration":2.394845000000032,"failureMessages":[],"meta":{},"tags":[]},{"ancestorTitles":["routing snapshot currentness"],"fullName":"routing snapshot currentness reports CONDITION changes without mutating the frozen snapshot","status":"passed","title":"reports CONDITION changes without mutating the frozen snapshot","duration":0.7177639999999883,"failureMessages":[],"meta":{},"tags":[]},{"ancestorTitles":["routing snapshot currentness"],"fullName":"routing snapshot currentness reports SOURCE_WORLD changes without mutating the frozen snapshot","status":"passed","title":"reports SOURCE_WORLD changes without mutating the frozen snapshot","duration":0.780386000000135,"failureMessages":[],"meta":{},"tags":[]},{"ancestorTitles":["routing snapshot currentness"],"fullName":"routing snapshot currentness distinguishes unavailable authority from an unknown optional condition","status":"passed","title":"distinguishes unavailable authority from an unknown optional condition","duration":5.8579480000000785,"failureMessages":[],"meta":{},"tags":[]}],"startTime":1787744431292,"endTime":1787744431338.858,"status":"passed","message":"","name":"/tmp/gowm-world-platform-gateway-semantics-v0.6.2/tests/unit/routing-snapshot-currentness.test.ts"},{"assertionResults":[{"ancestorTitles":["IoT simulator coverage"],"fullName":"IoT simulator coverage generates Vehicle, UGV, UAV, Camera, Sensor and Incident evidence","status":"passed","title":"generates Vehicle, UGV, UAV, Camera, Sensor and Incident evidence","duration":18.15556300000003,"failureMessages":[],"meta":{},"tags":[]}],"startTime":1787744431583,"endTime":1787744431601.1555,"status":"passed","message":"","name":"/tmp/gowm-world-platform-gateway-semantics-v0.6.2/tests/unit/simulator.test.ts"}]}